# JRE version: OpenJDK Runtime Environment Temurin-21.0.6+7 (21.0.6+7) (build 21.0.6+7-LTS)
# Java VM: OpenJDK 64-Bit Server VM Temurin-21.0.6+7 (21.0.6+7-LTS, mixed mode, sharing, tiered, compressed oops, compressed class ptrs, parallel gc, windows-amd64)
GC Precious Log:
 CardTable entry size: 512
 CPUs: 12 total, 12 available
 Memory: 16052M
 Large Page Support: Disabled
 NUMA Support: Disabled
 Compressed Oops: Enabled (32-bit)
 Alignments: Space 512K, Generation 512K, Heap 2M
 Heap Min Capacity: 100M
 Heap Initial Capacity: 100M
 Heap Max Capacity: 1G
 Pre-touch: Disabled
 Parallel Workers: 10
Heap:
 PSYoungGen      total 8704K, used 1052K [0x00000000eab00000, 0x00000000eb580000, 0x0000000100000000)
  eden space 7680K, 9% used [0x00000000eab00000,0x00000000eabbf128,0x00000000eb280000)
  from space 1024K, 28% used [0x00000000eb380000,0x00000000eb3c8000,0x00000000eb480000)
  to   space 512K, 0% used [0x00000000eb500000,0x00000000eb500000,0x00000000eb580000)
 ParOldGen       total 207360K, used 207038K [0x00000000c0000000, 0x00000000cca80000, 0x00000000eab00000)
  object space 207360K, 99% used [0x00000000c0000000,0x00000000cca2f920,0x00000000cca80000)
 Metaspace       used 91123K, committed 92992K, reserved 1179648K
  class space    used 10908K, committed 11712K, reserved 1048576K
GC Heap History (20 events):
Event: 3404.989 GC heap before
{Heap before GC invocations=4197 (full 6):
 PSYoungGen      total 8192K, used 7968K [0x00000000eab00000, 0x00000000eb600000, 0x0000000100000000)
  eden space 7680K, 100% used [0x00000000eab00000,0x00000000eb280000,0x00000000eb280000)
  from space 512K, 56% used [0x00000000eb580000,0x00000000eb5c8000,0x00000000eb600000)
  to   space 512K, 0% used [0x00000000eb500000,0x00000000eb500000,0x00000000eb580000)
 ParOldGen       total 204800K, used 204491K [0x00000000c0000000, 0x00000000cc800000, 0x00000000eab00000)
  object space 204800K, 99% used [0x00000000c0000000,0x00000000cc7b2d90,0x00000000cc800000)
 Metaspace       used 91033K, committed 92864K, reserved 1179648K
  class space    used 10907K, committed 11712K, reserved 1048576K
}
Event: 3404.991 GC heap after
{Heap after GC invocations=4197 (full 6):
 PSYoungGen      total 8192K, used 320K [0x00000000eab00000, 0x00000000eb600000, 0x0000000100000000)
  eden space 7680K, 0% used [0x00000000eab00000,0x00000000eab00000,0x00000000eb280000)
  from space 512K, 62% used [0x00000000eb500000,0x00000000eb550000,0x00000000eb580000)
  to   space 512K, 0% used [0x00000000eb580000,0x00000000eb580000,0x00000000eb600000)
 ParOldGen       total 204800K, used 204603K [0x00000000c0000000, 0x00000000cc800000, 0x00000000eab00000)
  object space 204800K, 99% used [0x00000000c0000000,0x00000000cc7ced90,0x00000000cc800000)
 Metaspace       used 91033K, committed 92864K, reserved 1179648K
  class space    used 10907K, committed 11712K, reserved 1048576K
}
Event: 3405.088 GC heap before
{Heap before GC invocations=4198 (full 6):
 PSYoungGen      total 8192K, used 8000K [0x00000000eab00000, 0x00000000eb600000, 0x0000000100000000)
  eden space 7680K, 100% used [0x00000000eab00000,0x00000000eb280000,0x00000000eb280000)
  from space 512K, 62% used [0x00000000eb500000,0x00000000eb550000,0x00000000eb580000)
  to   space 512K, 0% used [0x00000000eb580000,0x00000000eb580000,0x00000000eb600000)
 ParOldGen       total 204800K, used 204603K [0x00000000c0000000, 0x00000000cc800000, 0x00000000eab00000)
  object space 204800K, 99% used [0x00000000c0000000,0x00000000cc7ced90,0x00000000cc800000)
 Metaspace       used 91043K, committed 92864K, reserved 1179648K
  class space    used 10907K, committed 11712K, reserved 1048576K
}
Event: 3405.090 GC heap after
{Heap after GC invocations=4198 (full 6):
 PSYoungGen      total 8192K, used 480K [0x00000000eab00000, 0x00000000eb600000, 0x0000000100000000)
  eden space 7680K, 0% used [0x00000000eab00000,0x00000000eab00000,0x00000000eb280000)
  from space 512K, 93% used [0x00000000eb580000,0x00000000eb5f8000,0x00000000eb600000)
  to   space 512K, 0% used [0x00000000eb500000,0x00000000eb500000,0x00000000eb580000)
 ParOldGen       total 204800K, used 204723K [0x00000000c0000000, 0x00000000cc800000, 0x00000000eab00000)
  object space 204800K, 99% used [0x00000000c0000000,0x00000000cc7ecdc0,0x00000000cc800000)
 Metaspace       used 91043K, committed 92864K, reserved 1179648K
  class space    used 10907K, committed 11712K, reserved 1048576K
}
Event: 3405.163 GC heap before
{Heap before GC invocations=4199 (full 6):
 PSYoungGen      total 8192K, used 8159K [0x00000000eab00000, 0x00000000eb600000, 0x0000000100000000)
  eden space 7680K, 99% used [0x00000000eab00000,0x00000000eb27ffd8,0x00000000eb280000)
  from space 512K, 93% used [0x00000000eb580000,0x00000000eb5f8000,0x00000000eb600000)
  to   space 512K, 0% used [0x00000000eb500000,0x00000000eb500000,0x00000000eb580000)
 ParOldGen       total 204800K, used 204723K [0x00000000c0000000, 0x00000000cc800000, 0x00000000eab00000)
  object space 204800K, 99% used [0x00000000c0000000,0x00000000cc7ecdc0,0x00000000cc800000)
 Metaspace       used 91055K, committed 92928K, reserved 1179648K
  class space    used 10907K, committed 11712K, reserved 1048576K
}
Event: 3405.165 GC heap after
{Heap after GC invocations=4199 (full 6):
 PSYoungGen      total 8192K, used 384K [0x00000000eab00000, 0x00000000eb600000, 0x0000000100000000)
  eden space 7680K, 0% used [0x00000000eab00000,0x00000000eab00000,0x00000000eb280000)
  from space 512K, 75% used [0x00000000eb500000,0x00000000eb560000,0x00000000eb580000)
  to   space 512K, 0% used [0x00000000eb580000,0x00000000eb580000,0x00000000eb600000)
 ParOldGen       total 205312K, used 204971K [0x00000000c0000000, 0x00000000cc880000, 0x00000000eab00000)
  object space 205312K, 99% used [0x00000000c0000000,0x00000000cc82adf0,0x00000000cc880000)
 Metaspace       used 91055K, committed 92928K, reserved 1179648K
  class space    used 10907K, committed 11712K, reserved 1048576K
}
Event: 3405.259 GC heap before
{Heap before GC invocations=4200 (full 6):
 PSYoungGen      total 8192K, used 8064K [0x00000000eab00000, 0x00000000eb600000, 0x0000000100000000)
  eden space 7680K, 100% used [0x00000000eab00000,0x00000000eb280000,0x00000000eb280000)
  from space 512K, 75% used [0x00000000eb500000,0x00000000eb560000,0x00000000eb580000)
  to   space 512K, 0% used [0x00000000eb580000,0x00000000eb580000,0x00000000eb600000)
 ParOldGen       total 205312K, used 204980K [0x00000000c0000000, 0x00000000cc880000, 0x00000000eab00000)
  object space 205312K, 99% used [0x00000000c0000000,0x00000000cc82d198,0x00000000cc880000)
 Metaspace       used 91068K, committed 92928K, reserved 1179648K
  class space    used 10907K, committed 11712K, reserved 1048576K
}
Event: 3405.261 GC heap after
{Heap after GC invocations=4200 (full 6):
 PSYoungGen      total 8192K, used 512K [0x00000000eab00000, 0x00000000eb600000, 0x0000000100000000)
  eden space 7680K, 0% used [0x00000000eab00000,0x00000000eab00000,0x00000000eb280000)
  from space 512K, 100% used [0x00000000eb580000,0x00000000eb600000,0x00000000eb600000)
  to   space 1024K, 0% used [0x00000000eb400000,0x00000000eb400000,0x00000000eb500000)
 ParOldGen       total 205312K, used 205180K [0x00000000c0000000, 0x00000000cc880000, 0x00000000eab00000)
  object space 205312K, 99% used [0x00000000c0000000,0x00000000cc85f198,0x00000000cc880000)
 Metaspace       used 91068K, committed 92928K, reserved 1179648K
  class space    used 10907K, committed 11712K, reserved 1048576K
}
Event: 3405.377 GC heap before
{Heap before GC invocations=4201 (full 6):
 PSYoungGen      total 8192K, used 8192K [0x00000000eab00000, 0x00000000eb600000, 0x0000000100000000)
  eden space 7680K, 100% used [0x00000000eab00000,0x00000000eb280000,0x00000000eb280000)
  from space 512K, 100% used [0x00000000eb580000,0x00000000eb600000,0x00000000eb600000)
  to   space 1024K, 0% used [0x00000000eb400000,0x00000000eb400000,0x00000000eb500000)
 ParOldGen       total 205312K, used 205181K [0x00000000c0000000, 0x00000000cc880000, 0x00000000eab00000)
  object space 205312K, 99% used [0x00000000c0000000,0x00000000cc85f640,0x00000000cc880000)
 Metaspace       used 91083K, committed 92928K, reserved 1179648K
  class space    used 10907K, committed 11712K, reserved 1048576K
}
Event: 3405.379 GC heap after
{Heap after GC invocations=4201 (full 6):
 PSYoungGen      total 8704K, used 480K [0x00000000eab00000, 0x00000000eb600000, 0x0000000100000000)
  eden space 7680K, 0% used [0x00000000eab00000,0x00000000eab00000,0x00000000eb280000)
  from space 1024K, 46% used [0x00000000eb400000,0x00000000eb478000,0x00000000eb500000)
  to   space 512K, 0% used [0x00000000eb580000,0x00000000eb580000,0x00000000eb600000)
 ParOldGen       total 205824K, used 205413K [0x00000000c0000000, 0x00000000cc900000, 0x00000000eab00000)
  object space 205824K, 99% used [0x00000000c0000000,0x00000000cc8996a0,0x00000000cc900000)
 Metaspace       used 91083K, committed 92928K, reserved 1179648K
  class space    used 10907K, committed 11712K, reserved 1048576K
}
Event: 3405.700 GC heap before
{Heap before GC invocations=4202 (full 6):
 PSYoungGen      total 8704K, used 8160K [0x00000000eab00000, 0x00000000eb600000, 0x0000000100000000)
  eden space 7680K, 100% used [0x00000000eab00000,0x00000000eb280000,0x00000000eb280000)
  from space 1024K, 46% used [0x00000000eb400000,0x00000000eb478000,0x00000000eb500000)
  to   space 512K, 0% used [0x00000000eb580000,0x00000000eb580000,0x00000000eb600000)
 ParOldGen       total 205824K, used 205413K [0x00000000c0000000, 0x00000000cc900000, 0x00000000eab00000)
  object space 205824K, 99% used [0x00000000c0000000,0x00000000cc8996a0,0x00000000cc900000)
 Metaspace       used 91087K, committed 92928K, reserved 1179648K
  class space    used 10907K, committed 11712K, reserved 1048576K
}
Event: 3405.702 GC heap after
{Heap after GC invocations=4202 (full 6):
 PSYoungGen      total 8192K, used 512K [0x00000000eab00000, 0x00000000eb600000, 0x0000000100000000)
  eden space 7680K, 0% used [0x00000000eab00000,0x00000000eab00000,0x00000000eb280000)
  from space 512K, 100% used [0x00000000eb580000,0x00000000eb600000,0x00000000eb600000)
  to   space 1024K, 0% used [0x00000000eb400000,0x00000000eb400000,0x00000000eb500000)
 ParOldGen       total 205824K, used 205765K [0x00000000c0000000, 0x00000000cc900000, 0x00000000eab00000)
  object space 205824K, 99% used [0x00000000c0000000,0x00000000cc8f1710,0x00000000cc900000)
 Metaspace       used 91087K, committed 92928K, reserved 1179648K
  class space    used 10907K, committed 11712K, reserved 1048576K
}
Event: 3405.948 GC heap before
{Heap before GC invocations=4203 (full 6):
 PSYoungGen      total 8192K, used 8192K [0x00000000eab00000, 0x00000000eb600000, 0x0000000100000000)
  eden space 7680K, 100% used [0x00000000eab00000,0x00000000eb280000,0x00000000eb280000)
  from space 512K, 100% used [0x00000000eb580000,0x00000000eb600000,0x00000000eb600000)
  to   space 1024K, 0% used [0x00000000eb400000,0x00000000eb400000,0x00000000eb500000)
 ParOldGen       total 205824K, used 205765K [0x00000000c0000000, 0x00000000cc900000, 0x00000000eab00000)
  object space 205824K, 99% used [0x00000000c0000000,0x00000000cc8f1710,0x00000000cc900000)
 Metaspace       used 91088K, committed 92928K, reserved 1179648K
  class space    used 10907K, committed 11712K, reserved 1048576K
}
Event: 3405.951 GC heap after
{Heap after GC invocations=4203 (full 6):
 PSYoungGen      total 8704K, used 544K [0x00000000eab00000, 0x00000000eb600000, 0x0000000100000000)
  eden space 7680K, 0% used [0x00000000eab00000,0x00000000eab00000,0x00000000eb280000)
  from space 1024K, 53% used [0x00000000eb400000,0x00000000eb488000,0x00000000eb500000)
  to   space 1024K, 0% used [0x00000000eb500000,0x00000000eb500000,0x00000000eb600000)
 ParOldGen       total 206336K, used 206117K [0x00000000c0000000, 0x00000000cc980000, 0x00000000eab00000)
  object space 206336K, 99% used [0x00000000c0000000,0x00000000cc9497f0,0x00000000cc980000)
 Metaspace       used 91088K, committed 92928K, reserved 1179648K
  class space    used 10907K, committed 11712K, reserved 1048576K
}
Event: 3406.047 GC heap before
{Heap before GC invocations=4204 (full 6):
 PSYoungGen      total 8704K, used 8224K [0x00000000eab00000, 0x00000000eb600000, 0x0000000100000000)
  eden space 7680K, 100% used [0x00000000eab00000,0x00000000eb280000,0x00000000eb280000)
  from space 1024K, 53% used [0x00000000eb400000,0x00000000eb488000,0x00000000eb500000)
  to   space 1024K, 0% used [0x00000000eb500000,0x00000000eb500000,0x00000000eb600000)
 ParOldGen       total 206336K, used 206117K [0x00000000c0000000, 0x00000000cc980000, 0x00000000eab00000)
  object space 206336K, 99% used [0x00000000c0000000,0x00000000cc9497f0,0x00000000cc980000)
 Metaspace       used 91093K, committed 92928K, reserved 1179648K
  class space    used 10907K, committed 11712K, reserved 1048576K
}
Event: 3406.050 GC heap after
{Heap after GC invocations=4204 (full 6):
 PSYoungGen      total 8192K, used 352K [0x00000000eab00000, 0x00000000eb580000, 0x0000000100000000)
  eden space 7680K, 0% used [0x00000000eab00000,0x00000000eab00000,0x00000000eb280000)
  from space 512K, 68% used [0x00000000eb500000,0x00000000eb558000,0x00000000eb580000)
  to   space 512K, 0% used [0x00000000eb480000,0x00000000eb480000,0x00000000eb500000)
 ParOldGen       total 206848K, used 206494K [0x00000000c0000000, 0x00000000cca00000, 0x00000000eab00000)
  object space 206848K, 99% used [0x00000000c0000000,0x00000000cc9a7830,0x00000000cca00000)
 Metaspace       used 91093K, committed 92928K, reserved 1179648K
  class space    used 10907K, committed 11712K, reserved 1048576K
}
Event: 3406.113 GC heap before
{Heap before GC invocations=4205 (full 6):
 PSYoungGen      total 8192K, used 8032K [0x00000000eab00000, 0x00000000eb580000, 0x0000000100000000)
  eden space 7680K, 100% used [0x00000000eab00000,0x00000000eb280000,0x00000000eb280000)
  from space 512K, 68% used [0x00000000eb500000,0x00000000eb558000,0x00000000eb580000)
  to   space 512K, 0% used [0x00000000eb480000,0x00000000eb480000,0x00000000eb500000)
 ParOldGen       total 206848K, used 206494K [0x00000000c0000000, 0x00000000cca00000, 0x00000000eab00000)
  object space 206848K, 99% used [0x00000000c0000000,0x00000000cc9a7830,0x00000000cca00000)
 Metaspace       used 91093K, committed 92928K, reserved 1179648K
  class space    used 10907K, committed 11712K, reserved 1048576K
}
Event: 3406.116 GC heap after
{Heap after GC invocations=4205 (full 6):
 PSYoungGen      total 8192K, used 288K [0x00000000eab00000, 0x00000000eb580000, 0x0000000100000000)
  eden space 7680K, 0% used [0x00000000eab00000,0x00000000eab00000,0x00000000eb280000)
  from space 512K, 56% used [0x00000000eb480000,0x00000000eb4c8000,0x00000000eb500000)
  to   space 512K, 0% used [0x00000000eb500000,0x00000000eb500000,0x00000000eb580000)
 ParOldGen       total 206848K, used 206606K [0x00000000c0000000, 0x00000000cca00000, 0x00000000eab00000)
  object space 206848K, 99% used [0x00000000c0000000,0x00000000cc9c3830,0x00000000cca00000)
 Metaspace       used 91093K, committed 92928K, reserved 1179648K
  class space    used 10907K, committed 11712K, reserved 1048576K
}
Event: 3407.484 GC heap before
{Heap before GC invocations=4206 (full 6):
 PSYoungGen      total 8192K, used 7968K [0x00000000eab00000, 0x00000000eb580000, 0x0000000100000000)
  eden space 7680K, 100% used [0x00000000eab00000,0x00000000eb280000,0x00000000eb280000)
  from space 512K, 56% used [0x00000000eb480000,0x00000000eb4c8000,0x00000000eb500000)
  to   space 512K, 0% used [0x00000000eb500000,0x00000000eb500000,0x00000000eb580000)
 ParOldGen       total 206848K, used 206606K [0x00000000c0000000, 0x00000000cca00000, 0x00000000eab00000)
  object space 206848K, 99% used [0x00000000c0000000,0x00000000cc9c3830,0x00000000cca00000)
 Metaspace       used 91104K, committed 92928K, reserved 1179648K
  class space    used 10907K, committed 11712K, reserved 1048576K
}
Event: 3407.486 GC heap after
{Heap after GC invocations=4206 (full 6):
 PSYoungGen      total 8192K, used 480K [0x00000000eab00000, 0x00000000eb580000, 0x0000000100000000)
  eden space 7680K, 0% used [0x00000000eab00000,0x00000000eab00000,0x00000000eb280000)
  from space 512K, 93% used [0x00000000eb500000,0x00000000eb578000,0x00000000eb580000)
  to   space 1024K, 0% used [0x00000000eb380000,0x00000000eb380000,0x00000000eb480000)
 ParOldGen       total 206848K, used 206766K [0x00000000c0000000, 0x00000000cca00000, 0x00000000eab00000)
  object space 206848K, 99% used [0x00000000c0000000,0x00000000cc9eb850,0x00000000cca00000)
 Metaspace       used 91104K, committed 92928K, reserved 1179648K
  class space    used 10907K, committed 11712K, reserved 1048576K
}

