# JRE version: Java(TM) SE Runtime Environment (17.0.12+8) (build 17.0.12+8-LTS-286)
# Java VM: Java HotSpot(TM) 64-Bit Server VM (17.0.12+8-LTS-286, mixed mode, sharing, tiered, compressed oops, compressed class ptrs, g1 gc, windows-amd64)
GC Precious Log:
 CPUs: 12 total, 12 available
 Memory: 16052M
 Large Page Support: Disabled
 NUMA Support: Disabled
 Compressed Oops: Enabled (32-bit)
 Heap Region Size: 1M
 Heap Min Capacity: 8M
 Heap Initial Capacity: 252M
 Heap Max Capacity: 2G
 Pre-touch: Disabled
 Parallel Workers: 10
 Concurrent Workers: 3
 Concurrent Refinement Workers: 10
 Periodic GC: Disabled
Heap:
 garbage-first heap   total 307200K, used 272696K [0x0000000080000000, 0x0000000100000000)
  region size 1024K, 15 young (15360K), 1 survivors (1024K)
 Metaspace       used 143592K, committed 145984K, reserved 557056K
  class space    used 19001K, committed 20032K, reserved 425984K
GC Heap History (20 events):
Event: 3843.698 GC heap before
{Heap before GC invocations=109 (full 0):
 garbage-first heap   total 307200K, used 272801K [0x0000000080000000, 0x0000000100000000)
  region size 1024K, 15 young (15360K), 2 survivors (2048K)
 Metaspace       used 144099K, committed 146176K, reserved 557056K
  class space    used 19113K, committed 20096K, reserved 425984K
}
Event: 3843.704 GC heap after
{Heap after GC invocations=110 (full 0):
 garbage-first heap   total 307200K, used 262736K [0x0000000080000000, 0x0000000100000000)
  region size 1024K, 2 young (2048K), 2 survivors (2048K)
 Metaspace       used 144099K, committed 146176K, reserved 557056K
  class space    used 19113K, committed 20096K, reserved 425984K
}
Event: 3853.254 GC heap before
{Heap before GC invocations=110 (full 0):
 garbage-first heap   total 307200K, used 275024K [0x0000000080000000, 0x0000000100000000)
  region size 1024K, 15 young (15360K), 2 survivors (2048K)
 Metaspace       used 144165K, committed 146240K, reserved 557056K
  class space    used 19113K, committed 20096K, reserved 425984K
}
Event: 3853.260 GC heap after
{Heap after GC invocations=111 (full 0):
 garbage-first heap   total 307200K, used 263458K [0x0000000080000000, 0x0000000100000000)
  region size 1024K, 1 young (1024K), 1 survivors (1024K)
 Metaspace       used 144165K, committed 146240K, reserved 557056K
  class space    used 19113K, committed 20096K, reserved 425984K
}
Event: 3854.767 GC heap before
{Heap before GC invocations=111 (full 0):
 garbage-first heap   total 307200K, used 276770K [0x0000000080000000, 0x0000000100000000)
  region size 1024K, 15 young (15360K), 1 survivors (1024K)
 Metaspace       used 144200K, committed 146240K, reserved 557056K
  class space    used 19113K, committed 20096K, reserved 425984K
}
Event: 3854.771 GC heap after
{Heap after GC invocations=112 (full 0):
 garbage-first heap   total 307200K, used 264604K [0x0000000080000000, 0x0000000100000000)
  region size 1024K, 2 young (2048K), 2 survivors (2048K)
 Metaspace       used 144200K, committed 146240K, reserved 557056K
  class space    used 19113K, committed 20096K, reserved 425984K
}
Event: 3854.879 GC heap before
{Heap before GC invocations=112 (full 0):
 garbage-first heap   total 307200K, used 277916K [0x0000000080000000, 0x0000000100000000)
  region size 1024K, 15 young (15360K), 2 survivors (2048K)
 Metaspace       used 144201K, committed 146240K, reserved 557056K
  class space    used 19113K, committed 20096K, reserved 425984K
}
Event: 3854.883 GC heap after
{Heap after GC invocations=113 (full 0):
 garbage-first heap   total 307200K, used 265150K [0x0000000080000000, 0x0000000100000000)
  region size 1024K, 1 young (1024K), 1 survivors (1024K)
 Metaspace       used 144201K, committed 146240K, reserved 557056K
  class space    used 19113K, committed 20096K, reserved 425984K
}
Event: 3855.038 GC heap before
{Heap before GC invocations=113 (full 0):
 garbage-first heap   total 307200K, used 279486K [0x0000000080000000, 0x0000000100000000)
  region size 1024K, 15 young (15360K), 1 survivors (1024K)
 Metaspace       used 144225K, committed 146304K, reserved 557056K
  class space    used 19113K, committed 20096K, reserved 425984K
}
Event: 3855.043 GC heap after
{Heap after GC invocations=114 (full 0):
 garbage-first heap   total 307200K, used 266105K [0x0000000080000000, 0x0000000100000000)
  region size 1024K, 2 young (2048K), 2 survivors (2048K)
 Metaspace       used 144225K, committed 146304K, reserved 557056K
  class space    used 19113K, committed 20096K, reserved 425984K
}
Event: 3855.304 GC heap before
{Heap before GC invocations=114 (full 0):
 garbage-first heap   total 307200K, used 279417K [0x0000000080000000, 0x0000000100000000)
  region size 1024K, 15 young (15360K), 2 survivors (2048K)
 Metaspace       used 144260K, committed 146304K, reserved 557056K
  class space    used 19113K, committed 20096K, reserved 425984K
}
Event: 3855.309 GC heap after
{Heap after GC invocations=115 (full 0):
 garbage-first heap   total 307200K, used 267452K [0x0000000080000000, 0x0000000100000000)
  region size 1024K, 2 young (2048K), 2 survivors (2048K)
 Metaspace       used 144260K, committed 146304K, reserved 557056K
  class space    used 19113K, committed 20096K, reserved 425984K
}
Event: 3855.532 GC heap before
{Heap before GC invocations=115 (full 0):
 garbage-first heap   total 307200K, used 280764K [0x0000000080000000, 0x0000000100000000)
  region size 1024K, 15 young (15360K), 2 survivors (2048K)
 Metaspace       used 144271K, committed 146304K, reserved 557056K
  class space    used 19113K, committed 20096K, reserved 425984K
}
Event: 3855.537 GC heap after
{Heap after GC invocations=116 (full 0):
 garbage-first heap   total 307200K, used 269237K [0x0000000080000000, 0x0000000100000000)
  region size 1024K, 2 young (2048K), 2 survivors (2048K)
 Metaspace       used 144271K, committed 146304K, reserved 557056K
  class space    used 19113K, committed 20096K, reserved 425984K
}
Event: 3855.708 GC heap before
{Heap before GC invocations=116 (full 0):
 garbage-first heap   total 307200K, used 282549K [0x0000000080000000, 0x0000000100000000)
  region size 1024K, 15 young (15360K), 2 survivors (2048K)
 Metaspace       used 144278K, committed 146368K, reserved 557056K
  class space    used 19113K, committed 20096K, reserved 425984K
}
Event: 3855.713 GC heap after
{Heap after GC invocations=117 (full 0):
 garbage-first heap   total 307200K, used 270905K [0x0000000080000000, 0x0000000100000000)
  region size 1024K, 2 young (2048K), 2 survivors (2048K)
 Metaspace       used 144278K, committed 146368K, reserved 557056K
  class space    used 19113K, committed 20096K, reserved 425984K
}
Event: 3887.003 GC heap before
{Heap before GC invocations=117 (full 0):
 garbage-first heap   total 307200K, used 283193K [0x0000000080000000, 0x0000000100000000)
  region size 1024K, 15 young (15360K), 2 survivors (2048K)
 Metaspace       used 144308K, committed 146432K, reserved 557056K
  class space    used 19113K, committed 20096K, reserved 425984K
}
Event: 3887.006 GC heap after
{Heap after GC invocations=118 (full 0):
 garbage-first heap   total 307200K, used 272215K [0x0000000080000000, 0x0000000100000000)
  region size 1024K, 2 young (2048K), 2 survivors (2048K)
 Metaspace       used 144308K, committed 146432K, reserved 557056K
  class space    used 19113K, committed 20096K, reserved 425984K
}
Event: 3887.081 GC heap before
{Heap before GC invocations=118 (full 0):
 garbage-first heap   total 307200K, used 285527K [0x0000000080000000, 0x0000000100000000)
  region size 1024K, 15 young (15360K), 2 survivors (2048K)
 Metaspace       used 144308K, committed 146432K, reserved 557056K
  class space    used 19113K, committed 20096K, reserved 425984K
}
Event: 3887.084 GC heap after
{Heap after GC invocations=119 (full 0):
 garbage-first heap   total 307200K, used 272696K [0x0000000080000000, 0x0000000100000000)
  region size 1024K, 1 young (1024K), 1 survivors (1024K)
 Metaspace       used 144308K, committed 146432K, reserved 557056K
  class space    used 19113K, committed 20096K, reserved 425984K
}

