# JRE version: Java(TM) SE Runtime Environment (17.0.12+8) (build 17.0.12+8-LTS-286)
# Java VM: Java HotSpot(TM) 64-Bit Server VM (17.0.12+8-LTS-286, mixed mode, sharing, tiered, compressed oops, compressed class ptrs, g1 gc, windows-amd64)
GC Precious Log:
 CPUs: 12 total, 12 available
 Memory: 16052M
 Large Page Support: Disabled
 NUMA Support: Disabled
 Compressed Oops: Enabled (32-bit)
 Heap Region Size: 1M
 Heap Min Capacity: 8M
 Heap Initial Capacity: 252M
 Heap Max Capacity: 2G
 Pre-touch: Disabled
 Parallel Workers: 10
 Concurrent Workers: 3
 Concurrent Refinement Workers: 10
 Periodic GC: Disabled
Heap:
 garbage-first heap   total 220160K, used 155755K [0x0000000080000000, 0x0000000100000000)
  region size 1024K, 12 young (12288K), 6 survivors (6144K)
 Metaspace       used 121711K, committed 123008K, reserved 557056K
  class space    used 16530K, committed 17152K, reserved 425984K
GC Heap History (20 events):
Event: 36.709 GC heap before
{Heap before GC invocations=48 (full 0):
 garbage-first heap   total 208896K, used 126918K [0x0000000080000000, 0x0000000100000000)
  region size 1024K, 10 young (10240K), 7 survivors (7168K)
 Metaspace       used 102772K, committed 103808K, reserved 557056K
  class space    used 14337K, committed 14848K, reserved 425984K
}
Event: 36.716 GC heap after
{Heap after GC invocations=49 (full 0):
 garbage-first heap   total 208896K, used 122926K [0x0000000080000000, 0x0000000100000000)
  region size 1024K, 2 young (2048K), 2 survivors (2048K)
 Metaspace       used 102772K, committed 103808K, reserved 557056K
  class space    used 14337K, committed 14848K, reserved 425984K
}
Event: 38.028 GC heap before
{Heap before GC invocations=49 (full 0):
 garbage-first heap   total 208896K, used 178222K [0x0000000080000000, 0x0000000100000000)
  region size 1024K, 52 young (53248K), 2 survivors (2048K)
 Metaspace       used 105597K, committed 106688K, reserved 557056K
  class space    used 14556K, committed 15040K, reserved 425984K
}
Event: 38.034 GC heap after
{Heap after GC invocations=50 (full 0):
 garbage-first heap   total 208896K, used 128028K [0x0000000080000000, 0x0000000100000000)
  region size 1024K, 7 young (7168K), 7 survivors (7168K)
 Metaspace       used 105597K, committed 106688K, reserved 557056K
  class space    used 14556K, committed 15040K, reserved 425984K
}
Event: 39.068 GC heap before
{Heap before GC invocations=51 (full 0):
 garbage-first heap   total 220160K, used 174108K [0x0000000080000000, 0x0000000100000000)
  region size 1024K, 51 young (52224K), 7 survivors (7168K)
 Metaspace       used 107563K, committed 108672K, reserved 557056K
  class space    used 14813K, committed 15296K, reserved 425984K
}
Event: 39.076 GC heap after
{Heap after GC invocations=52 (full 0):
 garbage-first heap   total 220160K, used 132011K [0x0000000080000000, 0x0000000100000000)
  region size 1024K, 4 young (4096K), 4 survivors (4096K)
 Metaspace       used 107563K, committed 108672K, reserved 557056K
  class space    used 14813K, committed 15296K, reserved 425984K
}
Event: 39.177 GC heap before
{Heap before GC invocations=52 (full 0):
 garbage-first heap   total 220160K, used 138155K [0x0000000080000000, 0x0000000100000000)
  region size 1024K, 10 young (10240K), 4 survivors (4096K)
 Metaspace       used 107867K, committed 108992K, reserved 557056K
  class space    used 14855K, committed 15360K, reserved 425984K
}
Event: 39.185 GC heap after
{Heap after GC invocations=53 (full 0):
 garbage-first heap   total 220160K, used 131181K [0x0000000080000000, 0x0000000100000000)
  region size 1024K, 1 young (1024K), 1 survivors (1024K)
 Metaspace       used 107867K, committed 108992K, reserved 557056K
  class space    used 14855K, committed 15360K, reserved 425984K
}
Event: 40.086 GC heap before
{Heap before GC invocations=53 (full 0):
 garbage-first heap   total 220160K, used 183405K [0x0000000080000000, 0x0000000100000000)
  region size 1024K, 52 young (53248K), 1 survivors (1024K)
 Metaspace       used 110341K, committed 111424K, reserved 557056K
  class space    used 15196K, committed 15680K, reserved 425984K
}
Event: 40.090 GC heap after
{Heap after GC invocations=54 (full 0):
 garbage-first heap   total 220160K, used 134565K [0x0000000080000000, 0x0000000100000000)
  region size 1024K, 5 young (5120K), 5 survivors (5120K)
 Metaspace       used 110341K, committed 111424K, reserved 557056K
  class space    used 15196K, committed 15680K, reserved 425984K
}
Event: 40.971 GC heap before
{Heap before GC invocations=54 (full 0):
 garbage-first heap   total 220160K, used 183717K [0x0000000080000000, 0x0000000100000000)
  region size 1024K, 53 young (54272K), 5 survivors (5120K)
 Metaspace       used 113748K, committed 114880K, reserved 557056K
  class space    used 15652K, committed 16192K, reserved 425984K
}
Event: 40.977 GC heap after
{Heap after GC invocations=55 (full 0):
 garbage-first heap   total 220160K, used 137312K [0x0000000080000000, 0x0000000100000000)
  region size 1024K, 3 young (3072K), 3 survivors (3072K)
 Metaspace       used 113748K, committed 114880K, reserved 557056K
  class space    used 15652K, committed 16192K, reserved 425984K
}
Event: 41.972 GC heap before
{Heap before GC invocations=55 (full 0):
 garbage-first heap   total 220160K, used 186464K [0x0000000080000000, 0x0000000100000000)
  region size 1024K, 51 young (52224K), 3 survivors (3072K)
 Metaspace       used 115550K, committed 116736K, reserved 557056K
  class space    used 15925K, committed 16512K, reserved 425984K
}
Event: 41.979 GC heap after
{Heap after GC invocations=56 (full 0):
 garbage-first heap   total 220160K, used 142400K [0x0000000080000000, 0x0000000100000000)
  region size 1024K, 7 young (7168K), 7 survivors (7168K)
 Metaspace       used 115550K, committed 116736K, reserved 557056K
  class space    used 15925K, committed 16512K, reserved 425984K
}
Event: 43.578 GC heap before
{Heap before GC invocations=56 (full 0):
 garbage-first heap   total 220160K, used 184384K [0x0000000080000000, 0x0000000100000000)
  region size 1024K, 49 young (50176K), 7 survivors (7168K)
 Metaspace       used 118702K, committed 119936K, reserved 557056K
  class space    used 16266K, committed 16896K, reserved 425984K
}
Event: 43.584 GC heap after
{Heap after GC invocations=57 (full 0):
 garbage-first heap   total 220160K, used 144465K [0x0000000080000000, 0x0000000100000000)
  region size 1024K, 2 young (2048K), 2 survivors (2048K)
 Metaspace       used 118702K, committed 119936K, reserved 557056K
  class space    used 16266K, committed 16896K, reserved 425984K
}
Event: 57.077 GC heap before
{Heap before GC invocations=57 (full 0):
 garbage-first heap   total 220160K, used 186449K [0x0000000080000000, 0x0000000100000000)
  region size 1024K, 44 young (45056K), 2 survivors (2048K)
 Metaspace       used 121463K, committed 122688K, reserved 557056K
  class space    used 16506K, committed 17088K, reserved 425984K
}
Event: 57.086 GC heap after
{Heap after GC invocations=58 (full 0):
 garbage-first heap   total 220160K, used 146162K [0x0000000080000000, 0x0000000100000000)
  region size 1024K, 4 young (4096K), 4 survivors (4096K)
 Metaspace       used 121463K, committed 122688K, reserved 557056K
  class space    used 16506K, committed 17088K, reserved 425984K
}
Event: 59.418 GC heap before
{Heap before GC invocations=58 (full 0):
 garbage-first heap   total 220160K, used 187122K [0x0000000080000000, 0x0000000100000000)
  region size 1024K, 44 young (45056K), 4 survivors (4096K)
 Metaspace       used 121667K, committed 122944K, reserved 557056K
  class space    used 16522K, committed 17152K, reserved 425984K
}
Event: 59.422 GC heap after
{Heap after GC invocations=59 (full 0):
 garbage-first heap   total 220160K, used 150635K [0x0000000080000000, 0x0000000100000000)
  region size 1024K, 6 young (6144K), 6 survivors (6144K)
 Metaspace       used 121667K, committed 122944K, reserved 557056K
  class space    used 16522K, committed 17152K, reserved 425984K
}

